{"$message_type":"diagnostic","message":"cannot find type `ProcessingError` in this scope","code":{"code":"E0412","explanation":"A used type name is not in scope.\n\nErroneous code examples:\n\n```compile_fail,E0412\nimpl Something {} // error: type name `Something` is not in scope\n\n// or:\n\ntrait Foo {\n    fn bar(N); // error: type name `N` is not in scope\n}\n\n// or:\n\nfn foo(x: T) {} // type name `T` is not in scope\n```\n\nTo fix this error, please verify you didn't misspell the type name, you did\ndeclare it or imported it into the scope. Examples:\n\n```\nstruct Something;\n\nimpl Something {} // ok!\n\n// or:\n\ntrait Foo {\n    type N;\n\n    fn bar(_: Self::N); // ok!\n}\n\n// or:\n\nfn foo<T>(x: T) {} // ok!\n```\n\nAnother case that causes this error is when a type is imported into a parent\nmodule. To fix this, you can follow the suggestion and use File directly or\n`use super::File;` which will import the types from the parent namespace. An\nexample that causes this error is below:\n\n```compile_fail,E0412\nuse std::fs::File;\n\nmod foo {\n    fn some_function(f: File) {}\n}\n```\n\n```\nuse std::fs::File;\n\nmod foo {\n    // either\n    use super::File;\n    // or\n    // use std::fs::File;\n    fn foo(f: File) {}\n}\n# fn main() {} // don't insert it for us; that'll break imports\n```\n"},"level":"error","spans":[{"file_name":"src/types.rs","byte_start":172,"byte_end":187,"line_start":8,"line_end":8,"column_start":21,"column_end":36,"is_primary":true,"text":[{"text":"    pub errors: Vec<ProcessingError>,","highlight_start":21,"highlight_end":36}],"label":"not found in this scope","suggested_replacement":null,"suggestion_applicability":null,"expansion":null}],"children":[{"message":"consider importing this enum","code":null,"level":"help","spans":[{"file_name":"src/types.rs","byte_start":0,"byte_end":0,"line_start":1,"line_end":1,"column_start":1,"column_end":1,"is_primary":true,"text":[{"text":"use std::collections::HashMap;","highlight_start":1,"highlight_end":1}],"label":null,"suggested_replacement":"use crate::errors::ProcessingError;\n","suggestion_applicability":"MaybeIncorrect","expansion":null}],"children":[],"rendered":null}],"rendered":"\u001b[1m\u001b[91merror[E0412]\u001b[0m\u001b[1m: cannot find type `ProcessingError` in this scope\u001b[0m\n \u001b[1m\u001b[94m--> \u001b[0msrc/types.rs:8:21\n  \u001b[1m\u001b[94m|\u001b[0m\n\u001b[1m\u001b[94m8\u001b[0m \u001b[1m\u001b[94m|\u001b[0m     pub errors: Vec<ProcessingError>,\n  \u001b[1m\u001b[94m|\u001b[0m                     \u001b[1m\u001b[91m^^^^^^^^^^^^^^^\u001b[0m \u001b[1m\u001b[91mnot found in this scope\u001b[0m\n  \u001b[1m\u001b[94m|\u001b[0m\n\u001b[1m\u001b[96mhelp\u001b[0m: consider importing this enum\n  \u001b[1m\u001b[94m|\u001b[0m\n\u001b[1m\u001b[94m1\u001b[0m \u001b[92m+ use crate::errors::ProcessingError;\u001b[0m\n  \u001b[1m\u001b[94m|\u001b[0m\n\n"}
{"$message_type":"diagnostic","message":"unused imports: `Arc` and `Mutex`","code":{"code":"unused_imports","explanation":null},"level":"warning","spans":[{"file_name":"src/progress.rs","byte_start":16,"byte_end":19,"line_start":1,"line_end":1,"column_start":17,"column_end":20,"is_primary":true,"text":[{"text":"use std::sync::{Arc, Mutex};","highlight_start":17,"highlight_end":20}],"label":null,"suggested_replacement":null,"suggestion_applicability":null,"expansion":null},{"file_name":"src/progress.rs","byte_start":21,"byte_end":26,"line_start":1,"line_end":1,"column_start":22,"column_end":27,"is_primary":true,"text":[{"text":"use std::sync::{Arc, Mutex};","highlight_start":22,"highlight_end":27}],"label":null,"suggested_replacement":null,"suggestion_applicability":null,"expansion":null}],"children":[{"message":"`#[warn(unused_imports)]` (part of `#[warn(unused)]`) on by default","code":null,"level":"note","spans":[],"children":[],"rendered":null},{"message":"remove the whole `use` item","code":null,"level":"help","spans":[{"file_name":"src/progress.rs","byte_start":0,"byte_end":29,"line_start":1,"line_end":2,"column_start":1,"column_end":1,"is_primary":true,"text":[{"text":"use std::sync::{Arc, Mutex};","highlight_start":1,"highlight_end":29},{"text":"use std::time::Duration;","highlight_start":1,"highlight_end":1}],"label":null,"suggested_replacement":"","suggestion_applicability":"MachineApplicable","expansion":null}],"children":[],"rendered":null}],"rendered":"\u001b[1m\u001b[33mwarning\u001b[0m\u001b[1m: unused imports: `Arc` and `Mutex`\u001b[0m\n \u001b[1m\u001b[94m--> \u001b[0msrc/progress.rs:1:17\n  \u001b[1m\u001b[94m|\u001b[0m\n\u001b[1m\u001b[94m1\u001b[0m \u001b[1m\u001b[94m|\u001b[0m use std::sync::{Arc, Mutex};\n  \u001b[1m\u001b[94m|\u001b[0m                 \u001b[1m\u001b[33m^^^\u001b[0m  \u001b[1m\u001b[33m^^^^^\u001b[0m\n  \u001b[1m\u001b[94m|\u001b[0m\n  \u001b[1m\u001b[94m= \u001b[0m\u001b[1mnote\u001b[0m: `#[warn(unused_imports)]` (part of `#[warn(unused)]`) on by default\n\n"}
{"$message_type":"diagnostic","message":"type annotations needed","code":{"code":"E0282","explanation":"The compiler could not infer a type and asked for a type annotation.\n\nErroneous code example:\n\n```compile_fail,E0282\nlet x = Vec::new();\n```\n\nThis error indicates that type inference did not result in one unique possible\ntype, and extra information is required. In most cases this can be provided\nby adding a type annotation. Sometimes you need to specify a generic type\nparameter manually.\n\nIn the example above, type `Vec` has a type parameter `T`. When calling\n`Vec::new`, barring any other later usage of the variable `x` that allows the\ncompiler to infer what type `T` is, the compiler needs to be told what it is.\n\nThe type can be specified on the variable:\n\n```\nlet x: Vec<i32> = Vec::new();\n```\n\nThe type can also be specified in the path of the expression:\n\n```\nlet x = Vec::<i32>::new();\n```\n\nIn cases with more complex types, it is not necessary to annotate the full\ntype. Once the ambiguity is resolved, the compiler can infer the rest:\n\n```\nlet x: Vec<_> = \"hello\".chars().rev().collect();\n```\n\nAnother way to provide the compiler with enough information, is to specify the\ngeneric type parameter:\n\n```\nlet x = \"hello\".chars().rev().collect::<Vec<char>>();\n```\n\nAgain, you need not specify the full type if the compiler can infer it:\n\n```\nlet x = \"hello\".chars().rev().collect::<Vec<_>>();\n```\n\nApart from a method or function with a generic type parameter, this error can\noccur when a type parameter of a struct or trait cannot be inferred. In that\ncase it is not always possible to use a type annotation, because all candidates\nhave the same return type. For instance:\n\n```compile_fail,E0282\nstruct Foo<T> {\n    num: T,\n}\n\nimpl<T> Foo<T> {\n    fn bar() -> i32 {\n        0\n    }\n\n    fn baz() {\n        let number = Foo::bar();\n    }\n}\n```\n\nThis will fail because the compiler does not know which instance of `Foo` to\ncall `bar` on. Change `Foo::bar()` to `Foo::<T>::bar()` to resolve the error.\n"},"level":"error","spans":[{"file_name":"src/thread_pool.rs","byte_start":1200,"byte_end":1203,"line_start":40,"line_end":40,"column_start":21,"column_end":24,"is_primary":false,"text":[{"text":"                    job();","highlight_start":21,"highlight_end":24}],"label":"type must be known at this point","suggested_replacement":null,"suggestion_applicability":null,"expansion":null},{"file_name":"src/thread_pool.rs","byte_start":346,"byte_end":354,"line_start":14,"line_end":14,"column_start":42,"column_end":50,"is_primary":true,"text":[{"text":"        let queue = Arc::new((Mutex::new(Vec::new()), Condvar::new()));","highlight_start":42,"highlight_end":50}],"label":"cannot infer type of the type parameter `T` declared on the struct `Vec`","suggested_replacement":null,"suggestion_applicability":null,"expansion":null}],"children":[{"message":"consider specifying the generic argument","code":null,"level":"help","spans":[{"file_name":"src/thread_pool.rs","byte_start":349,"byte_end":349,"line_start":14,"line_end":14,"column_start":45,"column_end":45,"is_primary":true,"text":[{"text":"        let queue = Arc::new((Mutex::new(Vec::new()), Condvar::new()));","highlight_start":45,"highlight_end":45}],"label":null,"suggested_replacement":"::<T>","suggestion_applicability":"HasPlaceholders","expansion":null}],"children":[],"rendered":null}],"rendered":"\u001b[1m\u001b[91merror[E0282]\u001b[0m\u001b[1m: type annotations needed\u001b[0m\n  \u001b[1m\u001b[94m--> \u001b[0msrc/thread_pool.rs:14:42\n   \u001b[1m\u001b[94m|\u001b[0m\n\u001b[1m\u001b[94m14\u001b[0m \u001b[1m\u001b[94m|\u001b[0m         let queue = Arc::new((Mutex::new(Vec::new()), Condvar::new()));\n   \u001b[1m\u001b[94m|\u001b[0m                                          \u001b[1m\u001b[91m^^^^^^^^\u001b[0m \u001b[1m\u001b[91mcannot infer type of the type parameter `T` declared on the struct `Vec`\u001b[0m\n\u001b[1m\u001b[94m...\u001b[0m\n\u001b[1m\u001b[94m40\u001b[0m \u001b[1m\u001b[94m|\u001b[0m                     job();\n   \u001b[1m\u001b[94m|\u001b[0m                     \u001b[1m\u001b[94m---\u001b[0m \u001b[1m\u001b[94mtype must be known at this point\u001b[0m\n   \u001b[1m\u001b[94m|\u001b[0m\n\u001b[1m\u001b[96mhelp\u001b[0m: consider specifying the generic argument\n   \u001b[1m\u001b[94m|\u001b[0m\n\u001b[1m\u001b[94m14\u001b[0m \u001b[1m\u001b[94m| \u001b[0m        let queue = Arc::new((Mutex::new(Vec\u001b[92m::<T>\u001b[0m::new()), Condvar::new()));\n   \u001b[1m\u001b[94m|\u001b[0m                                             \u001b[92m+++++\u001b[0m\n\n"}
{"$message_type":"diagnostic","message":"aborting due to 2 previous errors; 1 warning emitted","code":null,"level":"error","spans":[],"children":[],"rendered":"\u001b[1m\u001b[91merror\u001b[0m\u001b[1m: aborting due to 2 previous errors; 1 warning emitted\u001b[0m\n\n"}
{"$message_type":"diagnostic","message":"Some errors have detailed explanations: E0282, E0412.","code":null,"level":"failure-note","spans":[],"children":[],"rendered":"\u001b[1mSome errors have detailed explanations: E0282, E0412.\u001b[0m\n"}
{"$message_type":"diagnostic","message":"For more information about an error, try `rustc --explain E0282`.","code":null,"level":"failure-note","spans":[],"children":[],"rendered":"\u001b[1mFor more information about an error, try `rustc --explain E0282`.\u001b[0m\n"}
